[debug] [2024-10-23T07:14:13.503Z] ----------------------------------------------------------------------
[debug] [2024-10-23T07:14:13.506Z] Command:       D:\nodeJs\node.exe C:\Users\Sameer\AppData\Roaming\npm\node_modules\firebase-tools\lib\bin\firebase.js init
[debug] [2024-10-23T07:14:13.506Z] CLI Version:   13.22.1
[debug] [2024-10-23T07:14:13.506Z] Platform:      win32
[debug] [2024-10-23T07:14:13.506Z] Node Version:  v20.12.2
[debug] [2024-10-23T07:14:13.506Z] Time:          Wed Oct 23 2024 12:44:13 GMT+0530 (India Standard Time)
[debug] [2024-10-23T07:14:13.507Z] ----------------------------------------------------------------------
[debug] 
[debug] [2024-10-23T07:14:13.514Z] > command requires scopes: ["email","openid","https://www.googleapis.com/auth/cloudplatformprojects.readonly","https://www.googleapis.com/auth/firebase","https://www.googleapis.com/auth/cloud-platform"]
[debug] [2024-10-23T07:14:13.515Z] > authorizing via signed-in user (mahammedsameersyed2004@gmail.com)
[info] 
     ######## #### ########  ######## ########     ###     ######  ########
     ##        ##  ##     ## ##       ##     ##  ##   ##  ##       ##
     ######    ##  ########  ######   ########  #########  ######  ######
     ##        ##  ##    ##  ##       ##     ## ##     ##       ## ##
     ##       #### ##     ## ######## ########  ##     ##  ######  ########

You're about to initialize a Firebase project in this directory:

  C:\Users\Sameer\Desktop\quickSell\quicksell

[info] 
=== Project Setup
[info] 
[info] First, let's associate this project directory with a Firebase project.
[info] You can create multiple project aliases by running firebase use --add, 
[info] but for now we'll just set up a default project.
[info] 
[info] i  If you want to create a project in a Google Cloud organization or folder, please use "firebase projects:create" instead, and return to this command when you've created the project. 
[debug] [2024-10-23T07:16:03.717Z] Checked if tokens are valid: true, expires at: 1729671191733
[debug] [2024-10-23T07:16:03.717Z] Checked if tokens are valid: true, expires at: 1729671191733
[debug] [2024-10-23T07:16:03.718Z] >>> [apiv2][query] POST https://cloudresourcemanager.googleapis.com/v1/projects [none]
[debug] [2024-10-23T07:16:03.718Z] >>> [apiv2][body] POST https://cloudresourcemanager.googleapis.com/v1/projects {"projectId":"quickSell_FrontEnd_Assignment","name":"y"}
[debug] [2024-10-23T07:16:05.386Z] <<< [apiv2][status] POST https://cloudresourcemanager.googleapis.com/v1/projects 400
[debug] [2024-10-23T07:16:05.386Z] <<< [apiv2][body] POST https://cloudresourcemanager.googleapis.com/v1/projects {"error":{"code":400,"message":"Request contains an invalid argument.","status":"INVALID_ARGUMENT","details":[{"@type":"type.googleapis.com/google.rpc.BadRequest","fieldViolations":[{"field":"project_id","description":"project_id contains invalid characters"},{"field":"display_name","description":"project display name must be at least 4 characters"}]},{"@type":"type.googleapis.com/google.rpc.Help","links":[{"url":"https://cloud.google.com/resource-manager/reference/rest/v1/projects"}]}]}}
[debug] [2024-10-23T07:16:05.683Z] FirebaseError: HTTP Error: 400, Request contains an invalid argument.
    at responseToError (C:\Users\Sameer\AppData\Roaming\npm\node_modules\firebase-tools\lib\responseToError.js:49:12)
    at RetryOperation._fn (C:\Users\Sameer\AppData\Roaming\npm\node_modules\firebase-tools\lib\apiv2.js:312:77)
    at process.processTicksAndRejections (node:internal/process/task_queues:95:5)
[error] 
[error] Error: Failed to create project. See firebase-debug.log for more info.
[debug] [2024-10-23T07:16:50.549Z] ----------------------------------------------------------------------
[debug] [2024-10-23T07:16:50.552Z] Command:       D:\nodeJs\node.exe C:\Users\Sameer\AppData\Roaming\npm\node_modules\firebase-tools\lib\bin\firebase.js init
[debug] [2024-10-23T07:16:50.552Z] CLI Version:   13.22.1
[debug] [2024-10-23T07:16:50.552Z] Platform:      win32
[debug] [2024-10-23T07:16:50.552Z] Node Version:  v20.12.2
[debug] [2024-10-23T07:16:50.552Z] Time:          Wed Oct 23 2024 12:46:50 GMT+0530 (India Standard Time)
[debug] [2024-10-23T07:16:50.552Z] ----------------------------------------------------------------------
[debug] 
[debug] [2024-10-23T07:16:50.558Z] > command requires scopes: ["email","openid","https://www.googleapis.com/auth/cloudplatformprojects.readonly","https://www.googleapis.com/auth/firebase","https://www.googleapis.com/auth/cloud-platform"]
[debug] [2024-10-23T07:16:50.559Z] > authorizing via signed-in user (mahammedsameersyed2004@gmail.com)
[info] 
     ######## #### ########  ######## ########     ###     ######  ########
     ##        ##  ##     ## ##       ##     ##  ##   ##  ##       ##
     ######    ##  ########  ######   ########  #########  ######  ######
     ##        ##  ##    ##  ##       ##     ## ##     ##       ## ##
     ##       #### ##     ## ######## ########  ##     ##  ######  ########

You're about to initialize a Firebase project in this directory:

  C:\Users\Sameer\Desktop\quickSell\quicksell

[info] 
=== Project Setup
[info] 
[info] First, let's associate this project directory with a Firebase project.
[info] You can create multiple project aliases by running firebase use --add, 
[info] but for now we'll just set up a default project.
[info] 
[debug] [2024-10-23T07:18:13.791Z] Checked if tokens are valid: true, expires at: 1729671191733
[debug] [2024-10-23T07:18:13.792Z] Checked if tokens are valid: true, expires at: 1729671191733
[debug] [2024-10-23T07:18:13.793Z] >>> [apiv2][query] GET https://firebase.googleapis.com/v1beta1/projects pageSize=100
[debug] [2024-10-23T07:18:15.340Z] <<< [apiv2][status] GET https://firebase.googleapis.com/v1beta1/projects 200
[debug] [2024-10-23T07:18:15.340Z] <<< [apiv2][body] GET https://firebase.googleapis.com/v1beta1/projects [omitted]
